[0.011s] Invoking command in '/home/dev/ws_moveit/src/hello_moveit/build/hello_moveit': CMAKE_PREFIX_PATH=${CMAKE_PREFIX_PATH}:/home/dev/ws_moveit/install/moveit_configs_utils:/opt/ros/jazzy DEBUGINFOD_URLS=https://debuginfod.ubuntu.com /usr/bin/cmake /home/dev/ws_moveit/src/hello_moveit -DCMAKE_INSTALL_PREFIX=/home/dev/ws_moveit/src/hello_moveit/install/hello_moveit
[0.094s] -- The C compiler identification is GNU 13.3.0
[0.140s] -- The CXX compiler identification is GNU 13.3.0
[0.157s] -- Detecting C compiler ABI info
[0.287s] -- Detecting C compiler ABI info - done
[0.297s] -- Check for working C compiler: /usr/bin/cc - skipped
[0.298s] -- Detecting C compile features
[0.299s] -- Detecting C compile features - done
[0.312s] -- Detecting CXX compiler ABI info
[0.434s] -- Detecting CXX compiler ABI info - done
[0.440s] -- Check for working CXX compiler: /usr/bin/c++ - skipped
[0.440s] -- Detecting CXX compile features
[0.440s] -- Detecting CXX compile features - done
[0.450s] -- Found ament_cmake: 2.5.3 (/opt/ros/jazzy/share/ament_cmake/cmake)
[0.593s] -- Found Python3: /usr/bin/python3 (found version "3.12.3") found components: Interpreter 
[0.728s] -- Found moveit_ros_planning_interface: 2.13.2 (/home/dev/ws_moveit/install/moveit_ros_planning_interface/share/moveit_ros_planning_interface/cmake)
[0.852s] -- Found Boost: /usr/lib/x86_64-linux-gnu/cmake/Boost-1.83.0/BoostConfig.cmake (found version "1.83.0") found components: date_time filesystem program_options system thread 
[0.936s] -- Found rosidl_generator_c: 4.6.5 (/opt/ros/jazzy/share/rosidl_generator_c/cmake)
[0.956s] -- Found rosidl_generator_cpp: 4.6.5 (/opt/ros/jazzy/share/rosidl_generator_cpp/cmake)
[0.981s] -- Using all available rosidl_typesupport_c: rosidl_typesupport_fastrtps_c;rosidl_typesupport_introspection_c
[1.007s] -- Using all available rosidl_typesupport_cpp: rosidl_typesupport_fastrtps_cpp;rosidl_typesupport_introspection_cpp
[1.295s] -- Found Boost: /usr/lib/x86_64-linux-gnu/cmake/Boost-1.83.0/BoostConfig.cmake (found version "1.83.0") found components: chrono date_time filesystem iostreams program_options regex serialization system thread 
[1.390s] -- Found parameter_traits: 0.4.0 (/opt/ros/jazzy/share/parameter_traits/cmake)
[1.455s] -- Found rmw_implementation_cmake: 7.3.2 (/opt/ros/jazzy/share/rmw_implementation_cmake/cmake)
[1.462s] -- Found rmw_fastrtps_cpp: 8.4.2 (/opt/ros/jazzy/share/rmw_fastrtps_cpp/cmake)
[1.561s] -- Found OpenSSL: /usr/lib/x86_64-linux-gnu/libcrypto.so (found version "3.0.13")  
[1.576s] -- Found FastRTPS: /opt/ros/jazzy/include (Required is at least version "2.13") 
[1.594s] -- Using RMW implementation 'rmw_fastrtps_cpp' as default
[1.690s] -- Found rclcpp_lifecycle: 28.1.8 (/opt/ros/jazzy/share/rclcpp_lifecycle/cmake)
[1.728s] -- Found Boost: /usr/lib/x86_64-linux-gnu/cmake/Boost-1.83.0/BoostConfig.cmake (found version "1.83.0") found components: filesystem 
[1.800s] -- Found Eigen3: TRUE (found version "3.4.0") 
[1.800s] -- Ensuring Eigen3 include directory is part of orocos-kdl CMake target
[1.993s] -- Found Boost: /usr/lib/x86_64-linux-gnu/cmake/Boost-1.83.0/BoostConfig.cmake (found version "1.83.0") found components: system filesystem date_time program_options thread chrono 
[2.035s] -- Found Boost: /usr/lib/x86_64-linux-gnu/cmake/Boost-1.83.0/BoostConfig.cmake (found version "1.83.0") found components: thread system filesystem regex date_time program_options 
[2.059s] -- Found Boost: /usr/lib/x86_64-linux-gnu/cmake/Boost-1.83.0/BoostConfig.cmake (found version "1.83.0") found components: system filesystem date_time program_options thread 
[2.101s] -- Found ament_lint_auto: 0.17.2 (/opt/ros/jazzy/share/ament_lint_auto/cmake)
[2.199s] -- Added test 'cppcheck' to perform static code analysis on C / C++ code
[2.199s] -- Configured cppcheck include dirs: $<BUILD_INTERFACE:/home/dev/ws_moveit/src/hello_moveit/include>
[2.199s] -- Configured cppcheck exclude dirs and/or files: 
[2.202s] -- Added test 'lint_cmake' to check CMake code style
[2.205s] -- Added test 'uncrustify' to check C / C++ code style
[2.205s] -- Configured uncrustify additional arguments: 
[2.207s] -- Added test 'xmllint' to check XML markup files
[2.209s] -- Configuring done (2.2s)
[2.233s] -- Generating done (0.0s)
[2.237s] -- Build files have been written to: /home/dev/ws_moveit/src/hello_moveit/build/hello_moveit
[2.248s] Invoked command in '/home/dev/ws_moveit/src/hello_moveit/build/hello_moveit' returned '0': CMAKE_PREFIX_PATH=${CMAKE_PREFIX_PATH}:/home/dev/ws_moveit/install/moveit_configs_utils:/opt/ros/jazzy DEBUGINFOD_URLS=https://debuginfod.ubuntu.com /usr/bin/cmake /home/dev/ws_moveit/src/hello_moveit -DCMAKE_INSTALL_PREFIX=/home/dev/ws_moveit/src/hello_moveit/install/hello_moveit
[2.248s] Invoking command in '/home/dev/ws_moveit/src/hello_moveit/build/hello_moveit': CMAKE_PREFIX_PATH=${CMAKE_PREFIX_PATH}:/home/dev/ws_moveit/install/moveit_configs_utils:/opt/ros/jazzy DEBUGINFOD_URLS=https://debuginfod.ubuntu.com /usr/bin/cmake --build /home/dev/ws_moveit/src/hello_moveit/build/hello_moveit -- -j16 -l16
[2.301s] [ 50%] [32mBuilding CXX object CMakeFiles/hello_moveit.dir/src/hello_moveit.cpp.o[0m
[5.329s] [01m[K/home/dev/ws_moveit/src/hello_moveit/src/hello_moveit.cpp:5:5:[m[K [01;35m[Kwarning: [m[Ksecond argument of â€˜[01m[Kint[01;32m[K main[m[K(int, char***)[m[Kâ€™ should be â€˜[01m[Kchar **[m[Kâ€™ [[01;35m[K]8;;https://gcc.gnu.org/onlinedocs/gcc/Warning-Options.html#index-Wmain-Wmain]8;;[m[K]
[5.329s]     5 | int [01;35m[Kmain[m[K(int argc, char ** argv[])
[5.329s]       |     [01;35m[K^~~~[m[K
[5.329s] [01m[K/home/dev/ws_moveit/src/hello_moveit/src/hello_moveit.cpp:[m[K In function â€˜[01m[Kint[01;32m[K main[m[K(int, char***)[m[Kâ€™:
[5.329s] [01m[K/home/dev/ws_moveit/src/hello_moveit/src/hello_moveit.cpp:8:22:[m[K [01;31m[Kerror: [m[Kcannot convert â€˜[01m[Kchar***[m[Kâ€™ to â€˜[01m[Kconst char* const*[m[Kâ€™
[5.329s]     8 |   rclcpp::init(argc, [01;31m[Kargv[m[K);
[5.329s]       |                      [01;31m[K^~~~[m[K
[5.329s]       |                      [01;31m[K|[m[K
[5.329s]       |                      [01;31m[Kchar***[m[K
[5.329s] In file included from [01m[K/opt/ros/jazzy/include/rclcpp/rclcpp/logging.hpp:25[m[K,
[5.329s]                  from [01m[K/opt/ros/jazzy/include/rclcpp/rclcpp/copy_all_parameter_values.hpp:27[m[K,
[5.329s]                  from [01m[K/opt/ros/jazzy/include/rclcpp/rclcpp/rclcpp.hpp:171[m[K,
[5.329s]                  from [01m[K/home/dev/ws_moveit/src/hello_moveit/src/hello_moveit.cpp:2[m[K:
[5.329s] [01m[K/opt/ros/jazzy/include/rclcpp/rclcpp/utilities.hpp:77:24:[m[K [01;36m[Knote: [m[K  initializing argument 2 of â€˜[01m[Kvoid rclcpp::[01;32m[Kinit[m[K(int, const char* const*, const InitOptions&, SignalHandlerOptions)[m[Kâ€™
[5.329s]    77 |   [01;36m[Kchar const * const * argv[m[K,
[5.329s]       |   [01;36m[K~~~~~~~~~~~~~~~~~~~~~^~~~[m[K
[6.707s] gmake[2]: *** [CMakeFiles/hello_moveit.dir/build.make:76: CMakeFiles/hello_moveit.dir/src/hello_moveit.cpp.o] Error 1
[6.707s] gmake[1]: *** [CMakeFiles/Makefile2:137: CMakeFiles/hello_moveit.dir/all] Error 2
[6.707s] gmake: *** [Makefile:146: all] Error 2
[6.709s] Invoked command in '/home/dev/ws_moveit/src/hello_moveit/build/hello_moveit' returned '2': CMAKE_PREFIX_PATH=${CMAKE_PREFIX_PATH}:/home/dev/ws_moveit/install/moveit_configs_utils:/opt/ros/jazzy DEBUGINFOD_URLS=https://debuginfod.ubuntu.com /usr/bin/cmake --build /home/dev/ws_moveit/src/hello_moveit/build/hello_moveit -- -j16 -l16
